This is pdfTeX, Version 3.14159265-2.6-1.40.16 (TeX Live 2015) (preloaded format=pdflatex 2015.5.24)  29 JAN 2017 23:43
entering extended mode
 restricted \write18 enabled.
 %&-line parsing enabled.
**mainthesisUVIC.tex
(./mainthesisUVIC.tex
LaTeX2e <2015/01/01>
Babel <3.9l> and hyphenation patterns for 79 languages loaded.
(/usr/local/texlive/2015/texmf-dist/tex/latex/base/book.cls
Document Class: book 2014/09/29 v1.4h Standard LaTeX document class
(/usr/local/texlive/2015/texmf-dist/tex/latex/base/bk12.clo
File: bk12.clo 2014/09/29 v1.4h Standard LaTeX file (size option)
)
\c@part=\count79
\c@chapter=\count80
\c@section=\count81
\c@subsection=\count82
\c@subsubsection=\count83
\c@paragraph=\count84
\c@subparagraph=\count85
\c@figure=\count86
\c@table=\count87
\abovecaptionskip=\skip41
\belowcaptionskip=\skip42
\bibindent=\dimen102
)
(/usr/local/texlive/2015/texmf-dist/tex/latex/amsmath/amsmath.sty
Package: amsmath 2013/01/14 v2.14 AMS math features
\@mathmargin=\skip43

For additional information on amsmath, use the `?' option.
(/usr/local/texlive/2015/texmf-dist/tex/latex/amsmath/amstext.sty
Package: amstext 2000/06/29 v2.01

(/usr/local/texlive/2015/texmf-dist/tex/latex/amsmath/amsgen.sty
File: amsgen.sty 1999/11/30 v2.0
\@emptytoks=\toks14
\ex@=\dimen103
))
(/usr/local/texlive/2015/texmf-dist/tex/latex/amsmath/amsbsy.sty
Package: amsbsy 1999/11/29 v1.2d
\pmbraise@=\dimen104
)
(/usr/local/texlive/2015/texmf-dist/tex/latex/amsmath/amsopn.sty
Package: amsopn 1999/12/14 v2.01 operator names
)
\inf@bad=\count88
LaTeX Info: Redefining \frac on input line 210.
\uproot@=\count89
\leftroot@=\count90
LaTeX Info: Redefining \overline on input line 306.
\classnum@=\count91
\DOTSCASE@=\count92
LaTeX Info: Redefining \ldots on input line 378.
LaTeX Info: Redefining \dots on input line 381.
LaTeX Info: Redefining \cdots on input line 466.
\Mathstrutbox@=\box26
\strutbox@=\box27
\big@size=\dimen105
LaTeX Font Info:    Redeclaring font encoding OML on input line 566.
LaTeX Font Info:    Redeclaring font encoding OMS on input line 567.
\macc@depth=\count93
\c@MaxMatrixCols=\count94
\dotsspace@=\muskip10
\c@parentequation=\count95
\dspbrk@lvl=\count96
\tag@help=\toks15
\row@=\count97
\column@=\count98
\maxfields@=\count99
\andhelp@=\toks16
\eqnshift@=\dimen106
\alignsep@=\dimen107
\tagshift@=\dimen108
\tagwidth@=\dimen109
\totwidth@=\dimen110
\lineht@=\dimen111
\@envbody=\toks17
\multlinegap=\skip44
\multlinetaggap=\skip45
\mathdisplay@stack=\toks18
LaTeX Info: Redefining \[ on input line 2665.
LaTeX Info: Redefining \] on input line 2666.
)
(/usr/local/texlive/2015/texmf-dist/tex/latex/xcolor/xcolor.sty
Package: xcolor 2007/01/21 v2.11 LaTeX color extensions (UK)

(/usr/local/texlive/2015/texmf-dist/tex/latex/latexconfig/color.cfg
File: color.cfg 2007/01/18 v1.5 color configuration of teTeX/TeXLive
)
Package xcolor Info: Driver file: pdftex.def on input line 225.

(/usr/local/texlive/2015/texmf-dist/tex/latex/pdftex-def/pdftex.def
File: pdftex.def 2011/05/27 v0.06d Graphics/color for pdfTeX

(/usr/local/texlive/2015/texmf-dist/tex/generic/oberdiek/infwarerr.sty
Package: infwarerr 2010/04/08 v1.3 Providing info/warning/error messages (HO)
)
(/usr/local/texlive/2015/texmf-dist/tex/generic/oberdiek/ltxcmds.sty
Package: ltxcmds 2011/11/09 v1.22 LaTeX kernel commands for general use (HO)
)
\Gread@gobject=\count100
)
Package xcolor Info: Model `cmy' substituted by `cmy0' on input line 1337.
Package xcolor Info: Model `hsb' substituted by `rgb' on input line 1341.
Package xcolor Info: Model `RGB' extended on input line 1353.
Package xcolor Info: Model `HTML' substituted by `rgb' on input line 1355.
Package xcolor Info: Model `Hsb' substituted by `hsb' on input line 1356.
Package xcolor Info: Model `tHsb' substituted by `hsb' on input line 1357.
Package xcolor Info: Model `HSB' substituted by `hsb' on input line 1358.
Package xcolor Info: Model `Gray' substituted by `gray' on input line 1359.
Package xcolor Info: Model `wave' substituted by `hsb' on input line 1360.
)
\@input{macros/style.aux}
\openout2 = `macros/style.aux'.

(./macros/style.tex
(/usr/local/texlive/2015/texmf-dist/tex/latex/geometry/geometry.sty
Package: geometry 2010/09/12 v5.6 Page Geometry

(/usr/local/texlive/2015/texmf-dist/tex/latex/graphics/keyval.sty
Package: keyval 2014/10/28 v1.15 key=value parser (DPC)
\KV@toks@=\toks19
)
(/usr/local/texlive/2015/texmf-dist/tex/generic/oberdiek/ifpdf.sty
Package: ifpdf 2011/01/30 v2.3 Provides the ifpdf switch (HO)
Package ifpdf Info: pdfTeX in PDF mode is detected.
)
(/usr/local/texlive/2015/texmf-dist/tex/generic/oberdiek/ifvtex.sty
Package: ifvtex 2010/03/01 v1.5 Detect VTeX and its facilities (HO)
Package ifvtex Info: VTeX not detected.
)
(/usr/local/texlive/2015/texmf-dist/tex/generic/ifxetex/ifxetex.sty
Package: ifxetex 2010/09/12 v0.6 Provides ifxetex conditional
)
\Gm@cnth=\count101
\Gm@cntv=\count102
\c@Gm@tempcnt=\count103
\Gm@bindingoffset=\dimen112
\Gm@wd@mp=\dimen113
\Gm@odd@mp=\dimen114
\Gm@even@mp=\dimen115
\Gm@layoutwidth=\dimen116
\Gm@layoutheight=\dimen117
\Gm@layouthoffset=\dimen118
\Gm@layoutvoffset=\dimen119
\Gm@dimlist=\toks20
)
(/usr/local/texlive/2015/texmf-dist/tex/latex/setspace/setspace.sty
Package: setspace 2011/12/19 v6.7a set line spacing
)
(/usr/local/texlive/2015/texmf-dist/tex/latex/fancyhdr/fancyhdr.sty
\fancy@headwidth=\skip46
\f@ncyO@elh=\skip47
\f@ncyO@erh=\skip48
\f@ncyO@olh=\skip49
\f@ncyO@orh=\skip50
\f@ncyO@elf=\skip51
\f@ncyO@erf=\skip52
\f@ncyO@olf=\skip53
\f@ncyO@orf=\skip54
)
(/usr/local/texlive/2015/texmf-dist/tex/latex/tocloft/tocloft.sty
Package: tocloft 2013/05/02 v2.3f parameterised ToC, etc., typesetting
Package tocloft Info: The document has chapter divisions on input line 44.
\cftparskip=\skip55
\cftbeforetoctitleskip=\skip56
\cftaftertoctitleskip=\skip57
\cftbeforepartskip=\skip58
\cftpartnumwidth=\skip59
\cftpartindent=\skip60
\cftbeforechapskip=\skip61
\cftchapindent=\skip62
\cftchapnumwidth=\skip63
\cftbeforesecskip=\skip64
\cftsecindent=\skip65
\cftsecnumwidth=\skip66
\cftbeforesubsecskip=\skip67
\cftsubsecindent=\skip68
\cftsubsecnumwidth=\skip69
\cftbeforesubsubsecskip=\skip70
\cftsubsubsecindent=\skip71
\cftsubsubsecnumwidth=\skip72
\cftbeforeparaskip=\skip73
\cftparaindent=\skip74
\cftparanumwidth=\skip75
\cftbeforesubparaskip=\skip76
\cftsubparaindent=\skip77
\cftsubparanumwidth=\skip78
\cftbeforeloftitleskip=\skip79
\cftafterloftitleskip=\skip80
\cftbeforefigskip=\skip81
\cftfigindent=\skip82
\cftfignumwidth=\skip83
\c@lofdepth=\count104
\c@lotdepth=\count105
\cftbeforelottitleskip=\skip84
\cftafterlottitleskip=\skip85
\cftbeforetabskip=\skip86
\cfttabindent=\skip87
\cfttabnumwidth=\skip88
))
\@input{macros/use_packages.aux}
\openout2 = `macros/use_packages.aux'.

(./macros/use_packages.tex
(/usr/local/texlive/2015/texmf-dist/tex/latex/tools/dcolumn.sty
Package: dcolumn 2014/10/28 v1.06 decimal alignment package (DPC)

(/usr/local/texlive/2015/texmf-dist/tex/latex/tools/array.sty
Package: array 2014/10/28 v2.4c Tabular extension package (FMi)
\col@sep=\dimen120
\extrarowheight=\dimen121
\NC@list=\toks21
\extratabsurround=\skip89
\backup@length=\skip90
))
(/usr/local/texlive/2015/texmf-dist/tex/latex/tools/longtable.sty
Package: longtable 2014/10/28 v4.11 Multi-page Table package (DPC)
\LTleft=\skip91
\LTright=\skip92
\LTpre=\skip93
\LTpost=\skip94
\LTchunksize=\count106
\LTcapwidth=\dimen122
\LT@head=\box28
\LT@firsthead=\box29
\LT@foot=\box30
\LT@lastfoot=\box31
\LT@cols=\count107
\LT@rows=\count108
\c@LT@tables=\count109
\c@LT@chunks=\count110
\LT@p@ftn=\toks22
)
(/usr/local/texlive/2015/texmf-dist/tex/latex/amscls/amsthm.sty
Package: amsthm 2015/03/04 v2.20.2
\thm@style=\toks23
\thm@bodyfont=\toks24
\thm@headfont=\toks25
\thm@notefont=\toks26
\thm@headpunct=\toks27
\thm@preskip=\skip95
\thm@postskip=\skip96
\thm@headsep=\skip97
\dth@everypar=\toks28
)
(/usr/local/texlive/2015/texmf-dist/tex/latex/amsfonts/amssymb.sty
Package: amssymb 2013/01/14 v3.01 AMS font symbols

(/usr/local/texlive/2015/texmf-dist/tex/latex/amsfonts/amsfonts.sty
Package: amsfonts 2013/01/14 v3.01 Basic AMSFonts support
\symAMSa=\mathgroup4
\symAMSb=\mathgroup5
LaTeX Font Info:    Overwriting math alphabet `\mathfrak' in version `bold'
(Font)                  U/euf/m/n --> U/euf/b/n on input line 106.
))
(/usr/local/texlive/2015/texmf-dist/tex/latex/cite/cite.sty
LaTeX Info: Redefining \cite on input line 302.
LaTeX Info: Redefining \nocite on input line 332.
Package: cite 2015/02/27  v 5.5
)
(/usr/local/texlive/2015/texmf-dist/tex/latex/l3packages/xfrac/xfrac.sty
(/usr/local/texlive/2015/texmf-dist/tex/latex/graphics/graphicx.sty
Package: graphicx 2014/10/28 v1.0g Enhanced LaTeX Graphics (DPC,SPQR)

(/usr/local/texlive/2015/texmf-dist/tex/latex/graphics/graphics.sty
Package: graphics 2014/10/28 v1.0p Standard LaTeX Graphics (DPC,SPQR)

(/usr/local/texlive/2015/texmf-dist/tex/latex/graphics/trig.sty
Package: trig 1999/03/16 v1.09 sin cos tan (DPC)
)
(/usr/local/texlive/2015/texmf-dist/tex/latex/latexconfig/graphics.cfg
File: graphics.cfg 2010/04/23 v1.9 graphics configuration of TeX Live
)
Package graphics Info: Driver file: pdftex.def on input line 94.
)
\Gin@req@height=\dimen123
\Gin@req@width=\dimen124
)
(/usr/local/texlive/2015/texmf-dist/tex/latex/l3packages/l3keys2e/l3keys2e.sty
(/usr/local/texlive/2015/texmf-dist/tex/latex/l3kernel/expl3.sty
Package: expl3 2015/03/01 v5547 L3 programming layer (loader) 

(/usr/local/texlive/2015/texmf-dist/tex/latex/l3kernel/expl3-code.tex
Package: expl3 2015/03/01 v5547 L3 programming layer (code) 
L3 Module: l3bootstrap 2015/02/28 v5542 L3 Bootstrap code
L3 Module: l3names 2015/02/24 v5535 L3 Namespace for primitives
L3 Module: l3basics 2015/01/27 v5500 L3 Basic definitions
L3 Module: l3expan 2014/11/27 v5472 L3 Argument expansion
L3 Module: l3tl 2015/01/27 v5500 L3 Token lists
L3 Module: l3str 2015/03/01 v5545 L3 Strings
L3 Module: l3seq 2014/08/23 v5354 L3 Sequences and stacks
L3 Module: l3int 2015/02/21 v5529 L3 Integers
\c_max_int=\count111
\l_tmpa_int=\count112
\l_tmpb_int=\count113
\g_tmpa_int=\count114
\g_tmpb_int=\count115
L3 Module: l3quark 2014/08/23 v5354 L3 Quarks
L3 Module: l3prg 2014/08/23 v5354 L3 Control structures
\g__prg_map_int=\count116
L3 Module: l3clist 2014/08/23 v5354 L3 Comma separated lists
L3 Module: l3token 2014/09/15 v5422 L3 Experimental token manipulation
L3 Module: l3prop 2014/08/23 v5354 L3 Property lists
L3 Module: l3msg 2015/02/26 v5537 L3 Messages
L3 Module: l3file 2014/08/24 v5369 L3 File and I/O operations
\l_iow_line_count_int=\count117
\l__iow_target_count_int=\count118
\l__iow_current_line_int=\count119
\l__iow_current_word_int=\count120
\l__iow_current_indentation_int=\count121
L3 Module: l3skip 2014/08/23 v5354 L3 Dimensions and skips
\c_zero_dim=\dimen125
\c_max_dim=\dimen126
\l_tmpa_dim=\dimen127
\l_tmpb_dim=\dimen128
\g_tmpa_dim=\dimen129
\g_tmpb_dim=\dimen130
\c_zero_skip=\skip98
\c_max_skip=\skip99
\l_tmpa_skip=\skip100
\l_tmpb_skip=\skip101
\g_tmpa_skip=\skip102
\g_tmpb_skip=\skip103
\c_zero_muskip=\muskip11
\c_max_muskip=\muskip12
\l_tmpa_muskip=\muskip13
\l_tmpb_muskip=\muskip14
\g_tmpa_muskip=\muskip15
\g_tmpb_muskip=\muskip16
L3 Module: l3keys 2015/01/27 v5500 L3 Key-value interfaces
\g__keyval_level_int=\count122
\l_keys_choice_int=\count123
L3 Module: l3fp 2014/08/22 v5336 L3 Floating points
\c__fp_leading_shift_int=\count124
\c__fp_middle_shift_int=\count125
\c__fp_trailing_shift_int=\count126
\c__fp_big_leading_shift_int=\count127
\c__fp_big_middle_shift_int=\count128
\c__fp_big_trailing_shift_int=\count129
\c__fp_Bigg_leading_shift_int=\count130
\c__fp_Bigg_middle_shift_int=\count131
\c__fp_Bigg_trailing_shift_int=\count132
L3 Module: l3box 2014/08/23 v5354 L3 Experimental boxes
\c_empty_box=\box32
\l_tmpa_box=\box33
\l_tmpb_box=\box34
\g_tmpa_box=\box35
\g_tmpb_box=\box36
L3 Module: l3coffins 2014/08/23 v5354 L3 Coffin code layer
\l__coffin_internal_box=\box37
\l__coffin_internal_dim=\dimen131
\l__coffin_offset_x_dim=\dimen132
\l__coffin_offset_y_dim=\dimen133
\l__coffin_x_dim=\dimen134
\l__coffin_y_dim=\dimen135
\l__coffin_x_prime_dim=\dimen136
\l__coffin_y_prime_dim=\dimen137
\c_empty_coffin=\box38
\l__coffin_aligned_coffin=\box39
\l__coffin_aligned_internal_coffin=\box40
\l_tmpa_coffin=\box41
\l_tmpb_coffin=\box42
\l__coffin_display_coffin=\box43
\l__coffin_display_coord_coffin=\box44
\l__coffin_display_pole_coffin=\box45
\l__coffin_display_offset_dim=\dimen138
\l__coffin_display_x_dim=\dimen139
\l__coffin_display_y_dim=\dimen140
L3 Module: l3color 2014/08/23 v5354 L3 Experimental color support
L3 Module: l3candidates 2015/03/01 v5544 L3 Experimental additions to l3kernel
\l__box_top_dim=\dimen141
\l__box_bottom_dim=\dimen142
\l__box_left_dim=\dimen143
\l__box_right_dim=\dimen144
\l__box_top_new_dim=\dimen145
\l__box_bottom_new_dim=\dimen146
\l__box_left_new_dim=\dimen147
\l__box_right_new_dim=\dimen148
\l__box_internal_box=\box46
\l__coffin_bounding_shift_dim=\dimen149
\l__coffin_left_corner_dim=\dimen150
\l__coffin_right_corner_dim=\dimen151
\l__coffin_bottom_corner_dim=\dimen152
\l__coffin_top_corner_dim=\dimen153
\l__coffin_scaled_total_height_dim=\dimen154
\l__coffin_scaled_width_dim=\dimen155
)
(/usr/local/texlive/2015/texmf-dist/tex/latex/l3kernel/l3unicode-data.def
File: l3unicode-data.def 2015/03/01 v5544 L3 Unicode data
)
(/usr/local/texlive/2015/texmf-dist/tex/latex/l3kernel/l3pdfmode.def
File: l3pdfmode.def 2015/03/01 v5544 L3 Experimental driver: PDF mode
\l__driver_color_stack_int=\count133
))
Package: l3keys2e 2014/11/25 v5471 LaTeX2e option processing using LaTeX3 keys
)
(/usr/local/texlive/2015/texmf-dist/tex/latex/base/textcomp.sty
Package: textcomp 2005/09/27 v1.99g Standard LaTeX package
Package textcomp Info: Sub-encoding information:
(textcomp)               5 = only ISO-Adobe without \textcurrency
(textcomp)               4 = 5 + \texteuro
(textcomp)               3 = 4 + \textohm
(textcomp)               2 = 3 + \textestimated + \textcurrency
(textcomp)               1 = TS1 - \textcircled - \t
(textcomp)               0 = TS1 (full)
(textcomp)             Font families with sub-encoding setting implement
(textcomp)             only a restricted character set as indicated.
(textcomp)             Family '?' is the default used for unknown fonts.
(textcomp)             See the documentation for details.
Package textcomp Info: Setting ? sub-encoding to TS1/1 on input line 79.

(/usr/local/texlive/2015/texmf-dist/tex/latex/base/ts1enc.def
File: ts1enc.def 2001/06/05 v3.0e (jk/car/fm) Standard LaTeX file
)
LaTeX Info: Redefining \oldstylenums on input line 334.
Package textcomp Info: Setting cmr sub-encoding to TS1/0 on input line 349.
Package textcomp Info: Setting cmss sub-encoding to TS1/0 on input line 350.
Package textcomp Info: Setting cmtt sub-encoding to TS1/0 on input line 351.
Package textcomp Info: Setting cmvtt sub-encoding to TS1/0 on input line 352.
Package textcomp Info: Setting cmbr sub-encoding to TS1/0 on input line 353.
Package textcomp Info: Setting cmtl sub-encoding to TS1/0 on input line 354.
Package textcomp Info: Setting ccr sub-encoding to TS1/0 on input line 355.
Package textcomp Info: Setting ptm sub-encoding to TS1/4 on input line 356.
Package textcomp Info: Setting pcr sub-encoding to TS1/4 on input line 357.
Package textcomp Info: Setting phv sub-encoding to TS1/4 on input line 358.
Package textcomp Info: Setting ppl sub-encoding to TS1/3 on input line 359.
Package textcomp Info: Setting pag sub-encoding to TS1/4 on input line 360.
Package textcomp Info: Setting pbk sub-encoding to TS1/4 on input line 361.
Package textcomp Info: Setting pnc sub-encoding to TS1/4 on input line 362.
Package textcomp Info: Setting pzc sub-encoding to TS1/4 on input line 363.
Package textcomp Info: Setting bch sub-encoding to TS1/4 on input line 364.
Package textcomp Info: Setting put sub-encoding to TS1/5 on input line 365.
Package textcomp Info: Setting uag sub-encoding to TS1/5 on input line 366.
Package textcomp Info: Setting ugq sub-encoding to TS1/5 on input line 367.
Package textcomp Info: Setting ul8 sub-encoding to TS1/4 on input line 368.
Package textcomp Info: Setting ul9 sub-encoding to TS1/4 on input line 369.
Package textcomp Info: Setting augie sub-encoding to TS1/5 on input line 370.
Package textcomp Info: Setting dayrom sub-encoding to TS1/3 on input line 371.
Package textcomp Info: Setting dayroms sub-encoding to TS1/3 on input line 372.

Package textcomp Info: Setting pxr sub-encoding to TS1/0 on input line 373.
Package textcomp Info: Setting pxss sub-encoding to TS1/0 on input line 374.
Package textcomp Info: Setting pxtt sub-encoding to TS1/0 on input line 375.
Package textcomp Info: Setting txr sub-encoding to TS1/0 on input line 376.
Package textcomp Info: Setting txss sub-encoding to TS1/0 on input line 377.
Package textcomp Info: Setting txtt sub-encoding to TS1/0 on input line 378.
Package textcomp Info: Setting lmr sub-encoding to TS1/0 on input line 379.
Package textcomp Info: Setting lmdh sub-encoding to TS1/0 on input line 380.
Package textcomp Info: Setting lmss sub-encoding to TS1/0 on input line 381.
Package textcomp Info: Setting lmssq sub-encoding to TS1/0 on input line 382.
Package textcomp Info: Setting lmvtt sub-encoding to TS1/0 on input line 383.
Package textcomp Info: Setting lmtt sub-encoding to TS1/0 on input line 384.
Package textcomp Info: Setting qhv sub-encoding to TS1/0 on input line 385.
Package textcomp Info: Setting qag sub-encoding to TS1/0 on input line 386.
Package textcomp Info: Setting qbk sub-encoding to TS1/0 on input line 387.
Package textcomp Info: Setting qcr sub-encoding to TS1/0 on input line 388.
Package textcomp Info: Setting qcs sub-encoding to TS1/0 on input line 389.
Package textcomp Info: Setting qpl sub-encoding to TS1/0 on input line 390.
Package textcomp Info: Setting qtm sub-encoding to TS1/0 on input line 391.
Package textcomp Info: Setting qzc sub-encoding to TS1/0 on input line 392.
Package textcomp Info: Setting qhvc sub-encoding to TS1/0 on input line 393.
Package textcomp Info: Setting futs sub-encoding to TS1/4 on input line 394.
Package textcomp Info: Setting futx sub-encoding to TS1/4 on input line 395.
Package textcomp Info: Setting futj sub-encoding to TS1/4 on input line 396.
Package textcomp Info: Setting hlh sub-encoding to TS1/3 on input line 397.
Package textcomp Info: Setting hls sub-encoding to TS1/3 on input line 398.
Package textcomp Info: Setting hlst sub-encoding to TS1/3 on input line 399.
Package textcomp Info: Setting hlct sub-encoding to TS1/5 on input line 400.
Package textcomp Info: Setting hlx sub-encoding to TS1/5 on input line 401.
Package textcomp Info: Setting hlce sub-encoding to TS1/5 on input line 402.
Package textcomp Info: Setting hlcn sub-encoding to TS1/5 on input line 403.
Package textcomp Info: Setting hlcw sub-encoding to TS1/5 on input line 404.
Package textcomp Info: Setting hlcf sub-encoding to TS1/5 on input line 405.
Package textcomp Info: Setting pplx sub-encoding to TS1/3 on input line 406.
Package textcomp Info: Setting pplj sub-encoding to TS1/3 on input line 407.
Package textcomp Info: Setting ptmx sub-encoding to TS1/4 on input line 408.
Package textcomp Info: Setting ptmj sub-encoding to TS1/4 on input line 409.
)
(/usr/local/texlive/2015/texmf-dist/tex/latex/l3packages/xparse/xparse.sty
Package: xparse 2014/11/25 v5471 L3 Experimental document command parser
\l__xparse_current_arg_int=\count134
\l__xparse_m_args_int=\count135
\l__xparse_mandatory_args_int=\count136
\l__xparse_processor_int=\count137
\l__xparse_v_nesting_int=\count138
)
(/usr/local/texlive/2015/texmf-dist/tex/latex/l3packages/xtemplate/xtemplate.st
y
Package: xtemplate 2014/11/25 v5471 L3 Experimental prototype document function
s
\l__xtemplate_tmp_dim=\dimen156
\l__xtemplate_tmp_int=\count139
\l__xtemplate_tmp_muskip=\muskip17
\l__xtemplate_tmp_skip=\skip104
Variant \prop_get:NoNTF already defined; not changing it on line 106
Variant \prop_get:NoNT already defined; not changing it on line 107
Variant \prop_get:NoNF already defined; not changing it on line 108
)
Package: xfrac 2014/05/04 v4728 L3 Experimental split-level fractions
\l__xfrac_slash_box=\box47
\l__xfrac_tmp_box=\box48
\l__xfrac_denominator_bot_sep_dim=\dimen157
\l__xfrac_numerator_bot_sep_dim=\dimen158
\l__xfrac_numerator_top_sep_dim=\dimen159
\l__xfrac_slash_left_sep_dim=\dimen160
\l__xfrac_slash_right_sep_dim=\dimen161
\l__xfrac_slash_left_muskip=\muskip18
\l__xfrac_slash_right_muskip=\muskip19
.................................................
. xtemplate info: "declare-object-type"
. 
. Declaring object type 'xfrac' taking 3 argument(s) on line 96.
.................................................
.................................................
. LaTeX info: "xparse/define-command"
. 
. Defining command \sfrac with sig. 'omom' on line 436.
.................................................
) (/usr/local/texlive/2015/texmf-dist/tex/latex/tools/xspace.sty
Package: xspace 2014/10/28 v1.13 Space after command names (DPC,MH)
)
(/usr/local/texlive/2015/texmf-dist/tex/latex/textcase/textcase.sty
Package: textcase 2004/10/07 v0.07 Text only upper/lower case changing (DPC)
)
(/usr/local/texlive/2015/texmf-dist/tex/latex/wasysym/wasysym.sty
Package: wasysym 2003/10/30 v2.0 Wasy-2 symbol support package
\symwasy=\mathgroup6
LaTeX Font Info:    Overwriting symbol font `wasy' in version `bold'
(Font)                  U/wasy/m/n --> U/wasy/b/n on input line 90.
))
(./mainthesisUVIC.aux (./chapters/1/chapter_intro.aux)
(./chapters/2/chapter_methods.aux)
(./chapters/3/chapter_simplified_molecular_model.aux)
(./chapters/4/chapter_realistic_molecular_model.aux)
(./chapters/5/chapter_mixture.aux) (./chapters/6/chapter_experimental.aux)
(./chapters/7/chapter_conclusions.aux) (./chapters/appendix/chapter_app.aux))
\openout1 = `mainthesisUVIC.aux'.

LaTeX Font Info:    Checking defaults for OML/cmm/m/it on input line 9.
LaTeX Font Info:    ... okay on input line 9.
LaTeX Font Info:    Checking defaults for T1/cmr/m/n on input line 9.
LaTeX Font Info:    ... okay on input line 9.
LaTeX Font Info:    Checking defaults for OT1/cmr/m/n on input line 9.
LaTeX Font Info:    ... okay on input line 9.
LaTeX Font Info:    Checking defaults for OMS/cmsy/m/n on input line 9.
LaTeX Font Info:    ... okay on input line 9.
LaTeX Font Info:    Checking defaults for OMX/cmex/m/n on input line 9.
LaTeX Font Info:    ... okay on input line 9.
LaTeX Font Info:    Checking defaults for U/cmr/m/n on input line 9.
LaTeX Font Info:    ... okay on input line 9.
LaTeX Font Info:    Checking defaults for TS1/cmr/m/n on input line 9.
LaTeX Font Info:    Try loading font information for TS1+cmr on input line 9.

(/usr/local/texlive/2015/texmf-dist/tex/latex/base/ts1cmr.fd
File: ts1cmr.fd 2014/09/29 v2.5h Standard LaTeX font definitions
)
LaTeX Font Info:    ... okay on input line 9.

(/usr/local/texlive/2015/texmf-dist/tex/context/base/supp-pdf.mkii
[Loading MPS to PDF converter (version 2006.09.02).]
\scratchcounter=\count140
\scratchdimen=\dimen162
\scratchbox=\box49
\nofMPsegments=\count141
\nofMParguments=\count142
\everyMPshowfont=\toks29
\MPscratchCnt=\count143
\MPscratchDim=\dimen163
\MPnumerator=\count144
\makeMPintoPDFobject=\count145
\everyMPtoPDFconversion=\toks30
)
*geometry* driver: auto-detecting
*geometry* detected driver: pdftex
*geometry* verbose mode - [ preamble ] result:
* driver: pdftex
* paper: <default>
* layout: <same size as paper>
* layoutoffset:(h,v)=(0.0pt,0.0pt)
* modes: 
* h-part:(L,W,R)=(108.405pt, 433.62001pt, 72.26999pt)
* v-part:(T,H,B)=(93.95122pt, 628.74878pt, 72.26999pt)
* \paperwidth=614.295pt
* \paperheight=794.96999pt
* \textwidth=433.62001pt
* \textheight=628.74878pt
* \oddsidemargin=36.13501pt
* \evensidemargin=36.13501pt
* \topmargin=-26.45377pt
* \headheight=12.0pt
* \headsep=36.135pt
* \topskip=12.0pt
* \footskip=30.0pt
* \marginparwidth=47.0pt
* \marginparsep=7.0pt
* \columnsep=10.0pt
* \skip\footins=10.8pt plus 4.0pt minus 2.0pt
* \hoffset=0.0pt
* \voffset=0.0pt
* \mag=1000
* \@twocolumnfalse
* \@twosidefalse
* \@mparswitchfalse
* \@reversemarginfalse
* (1in=72.27pt=25.4mm, 1cm=28.453pt)

(/usr/local/texlive/2015/texmf-dist/tex/generic/oberdiek/pdftexcmds.sty
Package: pdftexcmds 2011/11/29 v0.20 Utility functions of pdfTeX for LuaTeX (HO
)

(/usr/local/texlive/2015/texmf-dist/tex/generic/oberdiek/ifluatex.sty
Package: ifluatex 2010/03/01 v1.3 Provides the ifluatex switch (HO)
Package ifluatex Info: LuaTeX not detected.
)
Package pdftexcmds Info: LuaTeX not detected.
Package pdftexcmds Info: \pdf@primitive is available.
Package pdftexcmds Info: \pdf@ifprimitive is available.
Package pdftexcmds Info: \pdfdraftmode found.
)
(/usr/local/texlive/2015/texmf-dist/tex/latex/oberdiek/epstopdf-base.sty
Package: epstopdf-base 2010/02/09 v2.5 Base part for package epstopdf

(/usr/local/texlive/2015/texmf-dist/tex/latex/oberdiek/grfext.sty
Package: grfext 2010/08/19 v1.1 Manage graphics extensions (HO)

(/usr/local/texlive/2015/texmf-dist/tex/generic/oberdiek/kvdefinekeys.sty
Package: kvdefinekeys 2011/04/07 v1.3 Define keys (HO)
))
(/usr/local/texlive/2015/texmf-dist/tex/latex/oberdiek/kvoptions.sty
Package: kvoptions 2011/06/30 v3.11 Key value format for package options (HO)

(/usr/local/texlive/2015/texmf-dist/tex/generic/oberdiek/kvsetkeys.sty
Package: kvsetkeys 2012/04/25 v1.16 Key value parser (HO)

(/usr/local/texlive/2015/texmf-dist/tex/generic/oberdiek/etexcmds.sty
Package: etexcmds 2011/02/16 v1.5 Avoid name clashes with e-TeX commands (HO)
Package etexcmds Info: Could not find \expanded.
(etexcmds)             That can mean that you are not using pdfTeX 1.50 or
(etexcmds)             that some package has redefined \expanded.
(etexcmds)             In the latter case, load this package earlier.
)))
Package grfext Info: Graphics extension search list:
(grfext)             [.png,.pdf,.jpg,.mps,.jpeg,.jbig2,.jb2,.PNG,.PDF,.JPG,.JPE
G,.JBIG2,.JB2,.eps]
(grfext)             \AppendGraphicsExtensions on input line 452.

(/usr/local/texlive/2015/texmf-dist/tex/latex/latexconfig/epstopdf-sys.cfg
File: epstopdf-sys.cfg 2010/07/13 v1.3 Configuration of (r)epstopdf for TeX Liv
e
))
(./frontmatter/fm.tex (./frontmatter/tp.tex
LaTeX Font Info:    Try loading font information for U+msa on input line 18.

(/usr/local/texlive/2015/texmf-dist/tex/latex/amsfonts/umsa.fd
File: umsa.fd 2013/01/14 v3.01 AMS symbols A
)
LaTeX Font Info:    Try loading font information for U+msb on input line 18.

(/usr/local/texlive/2015/texmf-dist/tex/latex/amsfonts/umsb.fd
File: umsb.fd 2013/01/14 v3.01 AMS symbols B
)
LaTeX Font Info:    Try loading font information for U+wasy on input line 18.

(/usr/local/texlive/2015/texmf-dist/tex/latex/wasysym/uwasy.fd
File: uwasy.fd 2003/10/30 v2.0 Wasy-2 symbol font definitions
))
(./frontmatter/sc.tex [1





{/usr/local/texlive/2015/texmf-var/fonts/map/pdftex/updmap/pdftex.map}]
Underfull \hbox (badness 10000) in paragraph at lines 16--19

 []

) [2] (./frontmatter/abs.tex
Underfull \hbox (badness 10000) in paragraph at lines 4--7

 []

) [3] (./mainthesisUVIC.lot)
\tf@lot=\write3
\openout3 = `mainthesisUVIC.lot'.



Package Fancyhdr Warning: \headheight is too small (12.0pt): 
 Make it at least 14.49998pt.
 We now make it that large for the rest of the document.
 This may cause the page layout to be inconsistent, however.

[4] (./mainthesisUVIC.lof

LaTeX Warning: Citation `RotationProjection' on page v undefined on input line 
3.

[5]
Overfull \hbox (0.71037pt too wide) in paragraph at lines 24--24
 [][] []\OT1/cmr/m/n/12 Accuracy anal-y-sis for ex-per-i-ments con-sid-er-ing a
 mix-ture of amino 
 []


Overfull \hbox (0.71037pt too wide) in paragraph at lines 26--26
 [][] []\OT1/cmr/m/n/12 Accuracy anal-y-sis for ex-per-i-ments con-sid-er-ing a
 mix-ture of amino 
 []

)
\tf@lof=\write4
\openout4 = `mainthesisUVIC.lof'.

 (./frontmatter/ack.tex [6]) (./frontmatter/ded.tex [7]) [8])
\openout2 = `chapters/1/chapter_intro.aux'.


(./chapters/1/chapter_intro.tex
Chapter 1.

Underfull \hbox (badness 10000) in paragraph at lines 3--4

 []


LaTeX Warning: Citation `01' on page 1 undefined on input line 5.


LaTeX Warning: Citation `02' on page 1 undefined on input line 5.


Underfull \hbox (badness 10000) in paragraph at lines 5--6

 []

[1


]
Underfull \hbox (badness 10000) in paragraph at lines 7--8

 []


Underfull \hbox (badness 10000) in paragraph at lines 10--11

 []


Overfull \hbox (0.81876pt too wide) in paragraph at lines 12--13
[]\OT1/cmr/m/n/12 Before we ex-plain the LP tech-nique and LP model, as well as
 de-scribe the molecules
 []


Underfull \hbox (badness 10000) in paragraph at lines 12--13

 []


Underfull \hbox (badness 10000) in paragraph at lines 15--16

 []

LaTeX Font Info:    Calculating math sizes for size <8.39996> on input line 18.


LaTeX Font Warning: Font shape `OT1/cmr/m/n' in size <4.19998> not available
(Font)              size <5> substituted on input line 18.


LaTeX Font Warning: Font shape `OML/cmm/m/it' in size <4.19998> not available
(Font)              size <5> substituted on input line 18.


LaTeX Font Warning: Font shape `OMS/cmsy/m/n' in size <4.19998> not available
(Font)              size <5> substituted on input line 18.


LaTeX Font Warning: Font shape `U/wasy/m/n' in size <4.19998> not available
(Font)              size <5> substituted on input line 18.

[2]
Underfull \hbox (badness 10000) in paragraph at lines 44--45

 []


Underfull \hbox (badness 10000) in paragraph at lines 55--56

 []

[3]
Underfull \hbox (badness 10000) in paragraph at lines 77--80

 []

[4]
Underfull \hbox (badness 10000) in paragraph at lines 105--107

 []


Underfull \hbox (badness 10000) in paragraph at lines 108--109

 []

[5]
Underfull \hbox (badness 10000) in paragraph at lines 110--111

 []


Underfull \hbox (badness 10000) in paragraph at lines 114--115

 []


Underfull \hbox (badness 10000) in paragraph at lines 116--117

 []


Underfull \hbox (badness 10000) in paragraph at lines 118--119

 []

[6]
Underfull \hbox (badness 10000) in paragraph at lines 123--124

 []


Underfull \hbox (badness 10000) in paragraph at lines 125--126

 []

) [7]
\openout2 = `chapters/2/chapter_methods.aux'.

 (./chapters/2/chapter_methods.tex
Chapter 2.

Overfull \hbox (2.29578pt too wide) in paragraph at lines 2--2
[]\OT1/cmr/bx/n/17.28 Current ap-proaches to molec-u-lar struc-ture elu-
 []


Underfull \hbox (badness 10000) in paragraph at lines 3--4

 []

[8



]
Underfull \hbox (badness 10000) in paragraph at lines 10--11

 []


Underfull \hbox (badness 10000) in paragraph at lines 12--13

 []


Underfull \hbox (badness 10000) in paragraph at lines 15--16

 []


<Figures/Euler_angles_represented_as_the_spherical_polar_angles.png, id=64, 686
.565pt x 480.75261pt>
File: Figures/Euler_angles_represented_as_the_spherical_polar_angles.png Graphi
c file (type png)

<use Figures/Euler_angles_represented_as_the_spherical_polar_angles.png>
Package pdftex.def Info: Figures/Euler_angles_represented_as_the_spherical_pola
r_angles.png used on input line 19.
(pdftex.def)             Requested size: 343.28166pt x 240.37572pt.


LaTeX Warning: Citation `RotationProjection' on page 9 undefined on input line 
20.


LaTeX Warning: Citation `RotationProjection' on page 9 undefined on input line 
20.


Underfull \hbox (badness 10000) in paragraph at lines 23--24

 []

[9]
Underfull \hbox (badness 10000) in paragraph at lines 25--26

 []


Underfull \hbox (badness 10000) in paragraph at lines 27--28

 []

[10 <./Figures/Euler_angles_represented_as_the_spherical_polar_angles.png>]
Underfull \hbox (badness 10000) in paragraph at lines 29--30

 []


Underfull \hbox (badness 10000) in paragraph at lines 33--35

 []


Underfull \hbox (badness 10000) in paragraph at lines 42--43

 []


Underfull \hbox (badness 10000) in paragraph at lines 46--48

 []

[11]
Underfull \hbox (badness 10000) in paragraph at lines 49--51

 []


Underfull \hbox (badness 10000) in paragraph at lines 53--55

 []


Underfull \hbox (badness 10000) in paragraph at lines 56--57

 []


Underfull \hbox (badness 10000) in paragraph at lines 58--59

 []

[12]
Underfull \hbox (badness 10000) in paragraph at lines 60--61

 []

<Figures/Met_candidates_plotting_ir_x.png, id=78, 578.16pt x 433.62pt>
File: Figures/Met_candidates_plotting_ir_x.png Graphic file (type png)

<use Figures/Met_candidates_plotting_ir_x.png>
Package pdftex.def Info: Figures/Met_candidates_plotting_ir_x.png used on input
 line 64.
(pdftex.def)             Requested size: 289.07928pt x 216.80946pt.

<Figures/Met_candidates_plotting_ir_z.png, id=80, 578.16pt x 433.62pt>
File: Figures/Met_candidates_plotting_ir_z.png Graphic file (type png)

<use Figures/Met_candidates_plotting_ir_z.png>
Package pdftex.def Info: Figures/Met_candidates_plotting_ir_z.png used on input
 line 70.
(pdftex.def)             Requested size: 289.07928pt x 216.80946pt.

<Figures/Met_candidates_plotting_raman_xx.png, id=81, 578.16pt x 433.62pt>
File: Figures/Met_candidates_plotting_raman_xx.png Graphic file (type png)

<use Figures/Met_candidates_plotting_raman_xx.png>
Package pdftex.def Info: Figures/Met_candidates_plotting_raman_xx.png used on i
nput line 76.
(pdftex.def)             Requested size: 289.07928pt x 216.80946pt.

<Figures/Met_candidates_plotting_sfg_yyz.png, id=82, 578.16pt x 433.62pt>
File: Figures/Met_candidates_plotting_sfg_yyz.png Graphic file (type png)

<use Figures/Met_candidates_plotting_sfg_yyz.png>
Package pdftex.def Info: Figures/Met_candidates_plotting_sfg_yyz.png used on in
put line 82.
(pdftex.def)             Requested size: 289.07928pt x 216.80946pt.
 [13 <./Figures/Met_candidates_plotting_ir_x.png>] [14 <./Figures/Met_candidate
s_plotting_ir_z.png> <./Figures/Met_candidates_plotting_raman_xx.png>]) [15 <./
Figures/Met_candidates_plotting_sfg_yyz.png>]
\openout2 = `chapters/3/chapter_simplified_molecular_model.aux'.

 (./chapters/3/chapter_simplified_molecular_model.tex
Chapter 3.

Underfull \hbox (badness 10000) in paragraph at lines 4--5

 []


Underfull \hbox (badness 10000) in paragraph at lines 8--9

 []


Underfull \hbox (badness 10000) in paragraph at lines 10--11

 []


Underfull \hbox (badness 10000) in paragraph at lines 16--17

 []

[16



] <Figures/Toy_Model_IR_Cosine_Projection.png, id=99, 578.16pt x 433.62pt>
File: Figures/Toy_Model_IR_Cosine_Projection.png Graphic file (type png)

<use Figures/Toy_Model_IR_Cosine_Projection.png>
Package pdftex.def Info: Figures/Toy_Model_IR_Cosine_Projection.png used on inp
ut line 24.
(pdftex.def)             Requested size: 231.2599pt x 173.44492pt.

Underfull \hbox (badness 10000) in paragraph at lines 28--29

 []


Underfull \hbox (badness 10000) in paragraph at lines 32--33

 []

[17 <./Figures/Toy_Model_IR_Cosine_Projection.png>]
Underfull \hbox (badness 10000) in paragraph at lines 36--38

 []


Underfull \hbox (badness 10000) in paragraph at lines 39--40

 []

[18]
Underfull \hbox (badness 10000) in paragraph at lines 60--61

 []


Underfull \hbox (badness 10000) in paragraph at lines 62--63

 []


Underfull \hbox (badness 10000) in paragraph at lines 67--68

 []

[19]
Underfull \hbox (badness 10000) in paragraph at lines 69--70

 []


Underfull \hbox (badness 10000) in paragraph at lines 71--72

 []


Underfull \hbox (badness 10000) in paragraph at lines 99--100

 []

[20]
<Figures/toy_model_result_plotting_ir_cos_4candi_1.png, id=114, 857.02794pt x 6
16.65163pt>
File: Figures/toy_model_result_plotting_ir_cos_4candi_1.png Graphic file (type 
png)
 <use Figures/toy_model_result_plotting_ir_cos_4candi_1.png>
Package pdftex.def Info: Figures/toy_model_result_plotting_ir_cos_4candi_1.png 
used on input line 103.
(pdftex.def)             Requested size: 257.11037pt x 184.9969pt.

Underfull \hbox (badness 2401) in paragraph at lines 121--122
[]|\OT1/cmr/m/n/12 [0, 0, 0.730541, 0, 0.212061,0, 0,
 []


<Figures/toy_model_result_plotting_ir_cos_10candi_1.png, id=115, 848.38696pt x 
656.71434pt>
File: Figures/toy_model_result_plotting_ir_cos_10candi_1.png Graphic file (type
 png)
 <use Figures/toy_model_result_plotting_ir_cos_10candi_1.png>
Package pdftex.def Info: Figures/toy_model_result_plotting_ir_cos_10candi_1.png
 used on input line 130.
(pdftex.def)             Requested size: 254.51805pt x 197.01581pt.

Underfull \hbox (badness 10000) in paragraph at lines 134--135

 []


Underfull \hbox (badness 10000) in paragraph at lines 136--137

 []

[21 <./Figures/toy_model_result_plotting_ir_cos_4candi_1.png>]
Underfull \hbox (badness 10000) in paragraph at lines 140--141

 []

[22 <./Figures/toy_model_result_plotting_ir_cos_10candi_1.png>]
<Figures/Toy_Model_IR_Sine_Projection.png, id=122, 578.16pt x 433.62pt>
File: Figures/Toy_Model_IR_Sine_Projection.png Graphic file (type png)

<use Figures/Toy_Model_IR_Sine_Projection.png>
Package pdftex.def Info: Figures/Toy_Model_IR_Sine_Projection.png used on input
 line 144.
(pdftex.def)             Requested size: 404.70924pt x 303.53192pt.

Overfull \hbox (49.18648pt too wide) in paragraph at lines 150--165
 [] 
 []


Underfull \hbox (badness 10000) in paragraph at lines 174--175

 []

[23 <./Figures/Toy_Model_IR_Sine_Projection.png>] [24]
Underfull \hbox (badness 10000) in paragraph at lines 176--177

 []


Underfull \hbox (badness 2626) in paragraph at lines 190--190
[]|\OT1/cmr/m/n/10.95 [2800, 3300, 5],
 []


Overfull \hbox (28.38316pt too wide) in paragraph at lines 182--197
 [] 
 []

[25]
<Figures/toy_model_result_plotting_ir_sin_4candi_constraint_study_experiment4.p
ng, id=135, 830.31946pt x 640.21794pt>
File: Figures/toy_model_result_plotting_ir_sin_4candi_constraint_study_experime
nt4.png Graphic file (type png)

<use Figures/toy_model_result_plotting_ir_sin_4candi_constraint_study_experimen
t4.png>
Package pdftex.def Info: Figures/toy_model_result_plotting_ir_sin_4candi_constr
aint_study_experiment4.png used on input line 205.
(pdftex.def)             Requested size: 249.09775pt x 192.06686pt.

Underfull \hbox (badness 4366) in paragraph at lines 224--224
[]|\OT1/cmr/m/n/6 [2800, 3300, 5], [2800,
 []


Underfull \hbox (badness 4366) in paragraph at lines 225--225
[]|\OT1/cmr/m/n/6 [2800, 3300, 5], [2800,
 []


Underfull \hbox (badness 4366) in paragraph at lines 226--226
[]|\OT1/cmr/m/n/6 [2800, 3300, 5], [2800,
 []


Underfull \hbox (badness 1931) in paragraph at lines 227--227
[]|\OT1/cmr/m/n/6 [2800, 3300, 20], [2800,
 []


Underfull \hbox (badness 4366) in paragraph at lines 228--228
[]|\OT1/cmr/m/n/6 [2800, 3300, 5], [2800,
 []


Underfull \hbox (badness 4366) in paragraph at lines 229--229
[]|\OT1/cmr/m/n/6 [2800, 3300, 5], [2800,
 []


Underfull \hbox (badness 4366) in paragraph at lines 230--230
[]|\OT1/cmr/m/n/6 [2800, 3300, 5], [2800,
 []


<Figures/toy_model_result_plotting_ir_sin_10candi_constraint_study_experiment5.
png, id=136, 842.88815pt x 641.78902pt>
File: Figures/toy_model_result_plotting_ir_sin_10candi_constraint_study_experim
ent5.png Graphic file (type png)

<use Figures/toy_model_result_plotting_ir_sin_10candi_constraint_study_experime
nt5.png>
Package pdftex.def Info: Figures/toy_model_result_plotting_ir_sin_10candi_const
raint_study_experiment5.png used on input line 239.
(pdftex.def)             Requested size: 252.8684pt x 192.53818pt.

Underfull \hbox (badness 10000) in paragraph at lines 248--249

 []

[26 <./Figures/toy_model_result_plotting_ir_sin_4candi_constraint_study_experim
ent4.png>] [27]
Underfull \hbox (badness 10000) in paragraph at lines 250--251

 []

) [28 <./Figures/toy_model_result_plotting_ir_sin_10candi_constraint_study_expe
riment5.png>]
\openout2 = `chapters/4/chapter_realistic_molecular_model.aux'.

 (./chapters/4/chapter_realistic_molecular_model.tex
Chapter 4.

Underfull \hbox (badness 10000) in paragraph at lines 4--5

 []


Underfull \hbox (badness 10000) in paragraph at lines 6--7

 []


Underfull \hbox (badness 10000) in paragraph at lines 8--9

 []

[29



]
Underfull \hbox (badness 10000) in paragraph at lines 12--13

 []


Underfull \hbox (badness 10000) in paragraph at lines 14--15

 []


Overfull \hbox (27.65204pt too wide) in paragraph at lines 21--36
 [] 
 []


Underfull \hbox (badness 10000) in paragraph at lines 40--41

 []

[30]
Underfull \hbox (badness 10000) in paragraph at lines 42--44

 []

<Figures/ir_xz_result_plotting.png, id=154, 578.16pt x 433.62pt>
File: Figures/ir_xz_result_plotting.png Graphic file (type png)

<use Figures/ir_xz_result_plotting.png>
Package pdftex.def Info: Figures/ir_xz_result_plotting.png used on input line 5
1.
(pdftex.def)             Requested size: 289.07928pt x 216.80946pt.

Underfull \hbox (badness 10000) in paragraph at lines 55--56

 []

[31 <./Figures/ir_xz_result_plotting.png>]
Underfull \hbox (badness 10000) in paragraph at lines 86--87

 []


Underfull \hbox (badness 10000) in paragraph at lines 97--98

 []


Underfull \hbox (badness 10000) in paragraph at lines 99--100

 []


Underfull \hbox (badness 10000) in paragraph at lines 101--102

 []

[32]
Underfull \hbox (badness 2726) in paragraph at lines 112--112
[]|\OT1/cmr/m/n/6 200(ramanxx) + 200(ra-
 []


Underfull \hbox (badness 10000) in paragraph at lines 114--114
[]|\OT1/cmr/m/n/6 200(irx) + 200(irz) +
 []


Underfull \hbox (badness 2726) in paragraph at lines 114--114
\OT1/cmr/m/n/6 200(ra-manxx) + 200(ra-
 []


Underfull \hbox (badness 1888) in paragraph at lines 114--114
\OT1/cmr/m/n/6 manxy) + 200(ra-manxz)
 []


Underfull \hbox (badness 2726) in paragraph at lines 115--115
[]|\OT1/cmr/m/n/6 200(ramanxx) + 200(ra-
 []


Underfull \hbox (badness 1888) in paragraph at lines 115--115
\OT1/cmr/m/n/6 manxy) + 200(ra-manxz)
 []


Underfull \hbox (badness 4441) in paragraph at lines 115--115
\OT1/cmr/m/n/6 gyyz) + 200(sf-gyzy) +
 []


Underfull \hbox (badness 10000) in paragraph at lines 116--116
[]|\OT1/cmr/m/n/6 200(irx) + 200(irz) +
 []


Underfull \hbox (badness 10000) in paragraph at lines 117--117
[]|\OT1/cmr/m/n/6 200(irx) + 200(irz) +
 []


Underfull \hbox (badness 2726) in paragraph at lines 117--117
\OT1/cmr/m/n/6 200(ra-manxx) + 200(ra-
 []


Underfull \hbox (badness 1888) in paragraph at lines 117--117
\OT1/cmr/m/n/6 manxy) + 200(ra-manxz)
 []


Underfull \hbox (badness 4441) in paragraph at lines 117--117
\OT1/cmr/m/n/6 gyyz) + 200(sf-gyzy) +
 []


Underfull \hbox (badness 10000) in paragraph at lines 135--136

 []

[33]
Underfull \hbox (badness 10000) in paragraph at lines 137--138

 []


Overfull \hbox (52.21817pt too wide) in paragraph at lines 141--150
 [] 
 []


<Figures/chapter4_result_target_plotting_5datapoint_ir.png, id=165, 619.79381pt
 x 242.73294pt>
File: Figures/chapter4_result_target_plotting_5datapoint_ir.png Graphic file (t
ype png)

<use Figures/chapter4_result_target_plotting_5datapoint_ir.png>
Package pdftex.def Info: Figures/chapter4_result_target_plotting_5datapoint_ir.
png used on input line 185.
(pdftex.def)             Requested size: 309.89615pt x 121.36617pt.

<Figures/chapter4_result_target_plotting_5datapoint_raman.png, id=166, 578.16pt
 x 433.62pt>
File: Figures/chapter4_result_target_plotting_5datapoint_raman.png Graphic file
 (type png)

<use Figures/chapter4_result_target_plotting_5datapoint_raman.png>
Package pdftex.def Info: Figures/chapter4_result_target_plotting_5datapoint_ram
an.png used on input line 191.
(pdftex.def)             Requested size: 289.07928pt x 216.80946pt.

<Figures/chapter4_result_target_plotting_5datapoint_sfg.png, id=167, 578.16pt x
 433.62pt>
File: Figures/chapter4_result_target_plotting_5datapoint_sfg.png Graphic file (
type png)
 <use Figures/chapter4_result_target_plotting_5datapoint_sfg.png>
Package pdftex.def Info: Figures/chapter4_result_target_plotting_5datapoint_sfg
.png used on input line 197.
(pdftex.def)             Requested size: 289.07928pt x 216.80946pt.

<Figures/chapter4_result_target_plotting_500datapoint_ir.png, id=168, 615.86609
pt x 253.73055pt>
File: Figures/chapter4_result_target_plotting_500datapoint_ir.png Graphic file 
(type png)

<use Figures/chapter4_result_target_plotting_500datapoint_ir.png>
Package pdftex.def Info: Figures/chapter4_result_target_plotting_500datapoint_i
r.png used on input line 203.
(pdftex.def)             Requested size: 307.93228pt x 126.86496pt.

<Figures/chapter4_result_target_plotting_500datapoint_raman.png, id=169, 578.16
pt x 433.62pt>
File: Figures/chapter4_result_target_plotting_500datapoint_raman.png Graphic fi
le (type png)

<use Figures/chapter4_result_target_plotting_500datapoint_raman.png>
Package pdftex.def Info: Figures/chapter4_result_target_plotting_500datapoint_r
aman.png used on input line 209.
(pdftex.def)             Requested size: 289.07928pt x 216.80946pt.

<Figures/chapter4_result_target_plotting_500datapoint_sfg.png, id=170, 578.16pt
 x 433.62pt>
File: Figures/chapter4_result_target_plotting_500datapoint_sfg.png Graphic file
 (type png)

<use Figures/chapter4_result_target_plotting_500datapoint_sfg.png>
Package pdftex.def Info: Figures/chapter4_result_target_plotting_500datapoint_s
fg.png used on input line 215.
(pdftex.def)             Requested size: 289.07928pt x 216.80946pt.
 [34 <./Figures/chapter4_result_target_plotting_5datapoint_ir.png>] [35 <./Figu
res/chapter4_result_target_plotting_5datapoint_raman.png> <./Figures/chapter4_r
esult_target_plotting_5datapoint_sfg.png>]) [36 <./Figures/chapter4_result_targ
et_plotting_500datapoint_ir.png> <./Figures/chapter4_result_target_plotting_500
datapoint_raman.png>] [37 <./Figures/chapter4_result_target_plotting_500datapoi
nt_sfg.png>]
\openout2 = `chapters/5/chapter_mixture.aux'.


(./chapters/5/chapter_mixture.tex
Chapter 5.

Underfull \hbox (badness 10000) in paragraph at lines 4--5

 []


Underfull \hbox (badness 10000) in paragraph at lines 11--12

 []


Underfull \hbox (badness 10000) in paragraph at lines 17--18

 []

[38



]
Underfull \hbox (badness 10000) in paragraph at lines 19--20

 []


Underfull \hbox (badness 10000) in paragraph at lines 21--22

 []


Underfull \hbox (badness 10000) in paragraph at lines 23--24

 []


Underfull \hbox (badness 10000) in paragraph at lines 29--30

 []


Overfull \hbox (15.04666pt too wide) in paragraph at lines 35--54
 [] 
 []


Underfull \hbox (badness 10000) in paragraph at lines 62--63

 []

[39]
Underfull \hbox (badness 10000) in paragraph at lines 64--65

 []


Underfull \hbox (badness 10000) in paragraph at lines 66--67

 []


Underfull \hbox (badness 10000) in paragraph at lines 68--69

 []


Underfull \hbox (badness 10000) in paragraph at lines 72--73

 []


Underfull \hbox (badness 10000) in paragraph at lines 74--75

 []

[40]
Underfull \hbox (badness 10000) in paragraph at lines 80--81

 []

<Figures/accuracy_pecent_result8_mixture.png, id=197, 578.16pt x 433.62pt>
File: Figures/accuracy_pecent_result8_mixture.png Graphic file (type png)

<use Figures/accuracy_pecent_result8_mixture.png>
Package pdftex.def Info: Figures/accuracy_pecent_result8_mixture.png used on in
put line 86.
(pdftex.def)             Requested size: 404.70924pt x 303.53192pt.

Underfull \hbox (badness 10000) in paragraph at lines 90--92

 []


Underfull \hbox (badness 10000) in paragraph at lines 93--94

 []

[41 <./Figures/accuracy_pecent_result8_mixture.png>]
Underfull \hbox (badness 10000) in paragraph at lines 95--96

 []


Underfull \hbox (badness 10000) in paragraph at lines 103--104

 []

[42] <Figures/result_target_plotting_ir16.png, id=207, 578.16pt x 433.62pt>
File: Figures/result_target_plotting_ir16.png Graphic file (type png)

<use Figures/result_target_plotting_ir16.png>
Package pdftex.def Info: Figures/result_target_plotting_ir16.png used on input 
line 107.
(pdftex.def)             Requested size: 404.70924pt x 303.53192pt.

Underfull \hbox (badness 10000) in paragraph at lines 115--117

 []

<Figures/accuracy_pecent_result10_mixture.png, id=208, 578.16pt x 433.62pt>
File: Figures/accuracy_pecent_result10_mixture.png Graphic file (type png)

<use Figures/accuracy_pecent_result10_mixture.png>
Package pdftex.def Info: Figures/accuracy_pecent_result10_mixture.png used on i
nput line 120.
(pdftex.def)             Requested size: 404.70924pt x 303.53192pt.

Underfull \hbox (badness 10000) in paragraph at lines 124--125

 []

[43 <./Figures/result_target_plotting_ir16.png>]
Underfull \hbox (badness 10000) in paragraph at lines 126--128

 []


Underfull \hbox (badness 10000) in paragraph at lines 131--134

 []

[44 <./Figures/accuracy_pecent_result10_mixture.png>]
Underfull \hbox (badness 10000) in paragraph at lines 137--138

 []


<Figures/mixture_target_composition_for_one_run_theta_0_180.png, id=217, 1136.6
8141pt x 673.21075pt>
File: Figures/mixture_target_composition_for_one_run_theta_0_180.png Graphic fi
le (type png)

<use Figures/mixture_target_composition_for_one_run_theta_0_180.png>
Package pdftex.def Info: Figures/mixture_target_composition_for_one_run_theta_0
_180.png used on input line 142.
(pdftex.def)             Requested size: 454.66452pt x 269.27953pt.

Overfull \hbox (21.04451pt too wide) in paragraph at lines 142--143
 [][] 
 []


<Figures/mixture_return_composition_of_E1_for_one_run_theta_0_180.png, id=218, 
1113.90065pt x 652.00108pt>
File: Figures/mixture_return_composition_of_E1_for_one_run_theta_0_180.png Grap
hic file (type png)

<use Figures/mixture_return_composition_of_E1_for_one_run_theta_0_180.png>
Package pdftex.def Info: Figures/mixture_return_composition_of_E1_for_one_run_t
heta_0_180.png used on input line 148.
(pdftex.def)             Requested size: 445.55237pt x 260.7958pt.

Overfull \hbox (11.93236pt too wide) in paragraph at lines 148--149
 [][] 
 []


<Figures/mixture_return_composition_of_E6_for_one_run_theta_0_180.png, id=219, 
1132.7537pt x 663.78424pt>
File: Figures/mixture_return_composition_of_E6_for_one_run_theta_0_180.png Grap
hic file (type png)

<use Figures/mixture_return_composition_of_E6_for_one_run_theta_0_180.png>
Package pdftex.def Info: Figures/mixture_return_composition_of_E6_for_one_run_t
heta_0_180.png used on input line 154.
(pdftex.def)             Requested size: 453.09344pt x 265.50899pt.

Overfull \hbox (19.47343pt too wide) in paragraph at lines 154--155
 [][] 
 []


Underfull \hbox (badness 10000) in paragraph at lines 160--161

 []

<Figures/Ala_candidates_plotting_ir_z_2.png, id=220, 578.16pt x 433.62pt>
File: Figures/Ala_candidates_plotting_ir_z_2.png Graphic file (type png)

<use Figures/Ala_candidates_plotting_ir_z_2.png>
Package pdftex.def Info: Figures/Ala_candidates_plotting_ir_z_2.png used on inp
ut line 168.
(pdftex.def)             Requested size: 404.70924pt x 303.53192pt.

<Figures/Ala_candidates_plotting_raman_zz_2.png, id=221, 578.16pt x 433.62pt>
File: Figures/Ala_candidates_plotting_raman_zz_2.png Graphic file (type png)

<use Figures/Ala_candidates_plotting_raman_zz_2.png>
Package pdftex.def Info: Figures/Ala_candidates_plotting_raman_zz_2.png used on
 input line 174.
(pdftex.def)             Requested size: 404.70924pt x 303.53192pt.

<Figures/Ala_candidates_plotting_sfg_zzz_2.png, id=222, 578.16pt x 433.62pt>
File: Figures/Ala_candidates_plotting_sfg_zzz_2.png Graphic file (type png)

<use Figures/Ala_candidates_plotting_sfg_zzz_2.png>
Package pdftex.def Info: Figures/Ala_candidates_plotting_sfg_zzz_2.png used on 
input line 180.
(pdftex.def)             Requested size: 404.70924pt x 303.53192pt.
) [45] [46 <./Figures/mixture_target_composition_for_one_run_theta_0_180.png> <
./Figures/mixture_return_composition_of_E1_for_one_run_theta_0_180.png>] [47 <.
/Figures/mixture_return_composition_of_E6_for_one_run_theta_0_180.png>] [48 <./
Figures/Ala_candidates_plotting_ir_z_2.png>] [49 <./Figures/Ala_candidates_plot
ting_raman_zz_2.png>]
[50 <./Figures/Ala_candidates_plotting_sfg_zzz_2.png>]
\openout2 = `chapters/6/chapter_experimental.aux'.


(./chapters/6/chapter_experimental.tex
Chapter 6.

Underfull \hbox (badness 10000) in paragraph at lines 3--4

 []


Underfull \hbox (badness 10000) in paragraph at lines 5--6

 []

[51



]
Underfull \hbox (badness 10000) in paragraph at lines 7--8

 []


Underfull \hbox (badness 10000) in paragraph at lines 9--11

 []


Underfull \hbox (badness 10000) in paragraph at lines 36--38

 []

[52]
Underfull \hbox (badness 10000) in paragraph at lines 39--40

 []


Underfull \hbox (badness 10000) in paragraph at lines 45--46

 []


Underfull \hbox (badness 10000) in paragraph at lines 47--48

 []

<Figures/chapter6_1.png, id=251, 578.16pt x 433.62pt>
File: Figures/chapter6_1.png Graphic file (type png)

<use Figures/chapter6_1.png>
Package pdftex.def Info: Figures/chapter6_1.png used on input line 51.
(pdftex.def)             Requested size: 173.44933pt x 130.087pt.

Underfull \hbox (badness 10000) in paragraph at lines 55--57

 []

[53 <./Figures/chapter6_1.png>]
Underfull \hbox (badness 10000) in paragraph at lines 58--59

 []


Underfull \hbox (badness 10000) in paragraph at lines 62--66

 []


Underfull \hbox (badness 10000) in paragraph at lines 67--68

 []


Underfull \hbox (badness 10000) in paragraph at lines 69--71

 []

[54]
Overfull \hbox (20.00183pt too wide) in alignment at lines 75--86
 [][][] []
 []


Overfull \hbox (19.9991pt too wide) in alignment at lines 88--100
 [][][] []
 []


Underfull \hbox (badness 10000) in paragraph at lines 100--102

 []


Package amsmath Warning: Cannot use `split' here;
(amsmath)                trying to recover with `aligned' on input line 111.

[55]
Underfull \hbox (badness 10000) in paragraph at lines 115--116

 []


Underfull \hbox (badness 10000) in paragraph at lines 117--118

 []


Underfull \hbox (badness 10000) in paragraph at lines 119--120

 []


Overfull \hbox (20.00546pt too wide) in alignment at lines 122--134
 [][][] []
 []

[56]) [57]
\openout2 = `chapters/7/chapter_conclusions.aux'.

 (./chapters/7/chapter_conclusions.tex
Chapter 7.
) [58



]
\openout2 = `chapters/appendix/chapter_app.aux'.

 (./chapters/appendix/chapter_app.tex
Appendix A.

Overfull \hbox (20.00278pt too wide) in alignment at lines 11--22
 [][][] []
 []


Overfull \hbox (20.00278pt too wide) in alignment at lines 24--35
 [][][] []
 []

[59



]
Overfull \hbox (20.00278pt too wide) in alignment at lines 38--49
 [][][] []
 []

) [60] (./mainthesisUVIC.bbl
Underfull \hbox (badness 2376) in paragraph at lines 20--24
[]\OT1/cmr/m/n/12 S.T.Elbert. M.S.Gordon. J.H.Jensen. S.Koseki. N.Matsunaga. K.
A.Nguyen.
 []


Underfull \hbox (badness 10000) in paragraph at lines 20--24
\OT1/cmr/m/n/12 S.J.Su. T.L.Windus. M.Dupuis. J.A.Montgomery M.W.Schmidt.
 []

) [61


] (./mainthesisUVIC.aux (./chapters/1/chapter_intro.aux)
(./chapters/2/chapter_methods.aux)
(./chapters/3/chapter_simplified_molecular_model.aux)
(./chapters/4/chapter_realistic_molecular_model.aux)
(./chapters/5/chapter_mixture.aux) (./chapters/6/chapter_experimental.aux)
(./chapters/7/chapter_conclusions.aux) (./chapters/appendix/chapter_app.aux))

LaTeX Font Warning: Size substitutions with differences
(Font)              up to 2.90001pt have occurred.


LaTeX Warning: There were undefined references.

 ) 
Here is how much of TeX's memory you used:
 11517 strings out of 493089
 210997 string characters out of 6134842
 264859 words of memory out of 5000000
 14745 multiletter control sequences out of 15000+600000
 19852 words of font info for 80 fonts, out of 8000000 for 9000
 1141 hyphenation exceptions out of 8191
 49i,17n,45p,10455b,320s stack positions out of 5000i,500n,10000p,200000b,80000s
{/usr/local/texlive/2015/texmf-dist/fonts/enc/dvips/cm-super/cm-super-ts1.enc
}</usr/local/texlive/2015/texmf-dist/fonts/type1/public/amsfonts/cm/cmbx12.pfb>
</usr/local/texlive/2015/texmf-dist/fonts/type1/public/amsfonts/cm/cmex10.pfb><
/usr/local/texlive/2015/texmf-dist/fonts/type1/public/amsfonts/cm/cmmi12.pfb></
usr/local/texlive/2015/texmf-dist/fonts/type1/public/amsfonts/cm/cmmi6.pfb></us
r/local/texlive/2015/texmf-dist/fonts/type1/public/amsfonts/cm/cmmi8.pfb></usr/
local/texlive/2015/texmf-dist/fonts/type1/public/amsfonts/cm/cmr10.pfb></usr/lo
cal/texlive/2015/texmf-dist/fonts/type1/public/amsfonts/cm/cmr12.pfb></usr/loca
l/texlive/2015/texmf-dist/fonts/type1/public/amsfonts/cm/cmr6.pfb></usr/local/t
exlive/2015/texmf-dist/fonts/type1/public/amsfonts/cm/cmr8.pfb></usr/local/texl
ive/2015/texmf-dist/fonts/type1/public/amsfonts/cm/cmsy10.pfb></usr/local/texli
ve/2015/texmf-dist/fonts/type1/public/amsfonts/cm/cmsy8.pfb></usr/local/texlive
/2015/texmf-dist/fonts/type1/public/amsfonts/cm/cmti12.pfb></usr/local/texlive/
2015/texmf-dist/fonts/type1/public/cm-super/sfrm1200.pfb>
Output written on mainthesisUVIC.pdf (69 pages, 2102970 bytes).
PDF statistics:
 327 PDF objects out of 1000 (max. 8388607)
 195 compressed objects within 2 object streams
 0 named destinations out of 1000 (max. 500000)
 141 words of extra memory for PDF output out of 10000 (max. 10000000)

